<?xml version="1.0" encoding="UTF-8"?>
<testng-results ignored="0" total="1" passed="1" failed="0" skipped="0">
  <reporter-output>
  </reporter-output>
  <suite started-at="2024-10-03T16:49:01 IST" name="Default suite" finished-at="2024-10-03T16:49:21 IST" duration-ms="20701">
    <groups>
    </groups>
    <test started-at="2024-10-03T16:49:01 IST" name="Default test" finished-at="2024-10-03T16:49:21 IST" duration-ms="20701">
      <class name="Grocery.Essentials.GroceryOrignial">
        <test-method signature="grocery()[pri:0, instance:Grocery.Essentials.GroceryOrignial@66f57048]" started-at="2024-10-03T16:49:01 IST" name="grocery" finished-at="2024-10-03T16:49:20 IST" duration-ms="19235" status="PASS">
          <reporter-output>
          </reporter-output>
        </test-method> <!-- grocery -->
        <test-method is-config="true" signature="closebrowser()[pri:0, instance:Grocery.Essentials.GroceryOrignial@66f57048]" started-at="2024-10-03T16:49:20 IST" name="closebrowser" finished-at="2024-10-03T16:49:21 IST" duration-ms="1416" status="PASS">
          <reporter-output>
          </reporter-output>
        </test-method> <!-- closebrowser -->
      </class> <!-- Grocery.Essentials.GroceryOrignial -->
    </test> <!-- Default test -->
  </suite> <!-- Default suite -->
</testng-results>
